<?xml version="1.0" encoding="UTF-8"?>
<!-- Generated by org.testng.reporters.JUnitReportReporter -->
<testsuite hostname="HP-PC" failures="0" tests="1" name="functionality.loginpage" time="28.867" errors="0" timestamp="2022-01-14T21:31:08 IST" skipped="0">
  <testcase classname="functionality.loginpage" name="loginfun" time="28.867"/>
  <system-out/>
</testsuite> <!-- functionality.loginpage -->
